[2020-03-17 11:04:29,987] INFO Shutting down the log cleaner. (kafka.log.LogCleaner)
[2020-03-17 11:04:29,989] INFO [kafka-log-cleaner-thread-0]: Shutting down (kafka.log.LogCleaner)
[2020-03-17 11:04:29,989] INFO [kafka-log-cleaner-thread-0]: Stopped (kafka.log.LogCleaner)
[2020-03-17 11:04:29,989] INFO [kafka-log-cleaner-thread-0]: Shutdown completed (kafka.log.LogCleaner)
[2020-03-17 11:06:42,798] INFO Starting the log cleaner (kafka.log.LogCleaner)
[2020-03-17 11:06:42,848] INFO [kafka-log-cleaner-thread-0]: Starting (kafka.log.LogCleaner)
[2020-03-17 11:09:17,339] INFO Shutting down the log cleaner. (kafka.log.LogCleaner)
[2020-03-17 11:09:17,339] INFO [kafka-log-cleaner-thread-0]: Shutting down (kafka.log.LogCleaner)
[2020-03-17 11:09:17,339] INFO [kafka-log-cleaner-thread-0]: Stopped (kafka.log.LogCleaner)
[2020-03-17 11:09:17,339] INFO [kafka-log-cleaner-thread-0]: Shutdown completed (kafka.log.LogCleaner)
[2020-03-17 11:10:09,820] INFO Starting the log cleaner (kafka.log.LogCleaner)
[2020-03-17 11:10:09,867] INFO [kafka-log-cleaner-thread-0]: Starting (kafka.log.LogCleaner)
[2020-03-17 11:16:36,755] INFO Shutting down the log cleaner. (kafka.log.LogCleaner)
[2020-03-17 11:16:36,755] INFO [kafka-log-cleaner-thread-0]: Shutting down (kafka.log.LogCleaner)
[2020-03-17 11:16:36,756] INFO [kafka-log-cleaner-thread-0]: Stopped (kafka.log.LogCleaner)
[2020-03-17 11:16:36,756] INFO [kafka-log-cleaner-thread-0]: Shutdown completed (kafka.log.LogCleaner)
[2020-03-17 11:17:29,879] INFO Starting the log cleaner (kafka.log.LogCleaner)
[2020-03-17 11:17:29,927] INFO [kafka-log-cleaner-thread-0]: Starting (kafka.log.LogCleaner)
[2020-03-17 11:19:12,556] INFO Shutting down the log cleaner. (kafka.log.LogCleaner)
[2020-03-17 11:19:12,556] INFO [kafka-log-cleaner-thread-0]: Shutting down (kafka.log.LogCleaner)
[2020-03-17 11:19:12,557] INFO [kafka-log-cleaner-thread-0]: Stopped (kafka.log.LogCleaner)
[2020-03-17 11:19:12,557] INFO [kafka-log-cleaner-thread-0]: Shutdown completed (kafka.log.LogCleaner)
[2020-03-17 11:20:04,885] INFO Starting the log cleaner (kafka.log.LogCleaner)
[2020-03-17 11:20:04,931] INFO [kafka-log-cleaner-thread-0]: Starting (kafka.log.LogCleaner)
[2020-03-17 11:23:36,904] INFO Shutting down the log cleaner. (kafka.log.LogCleaner)
[2020-03-17 11:23:36,904] INFO [kafka-log-cleaner-thread-0]: Shutting down (kafka.log.LogCleaner)
[2020-03-17 11:23:36,905] INFO [kafka-log-cleaner-thread-0]: Stopped (kafka.log.LogCleaner)
[2020-03-17 11:23:36,905] INFO [kafka-log-cleaner-thread-0]: Shutdown completed (kafka.log.LogCleaner)
[2020-03-17 11:24:30,409] INFO Starting the log cleaner (kafka.log.LogCleaner)
[2020-03-17 11:24:30,461] INFO [kafka-log-cleaner-thread-0]: Starting (kafka.log.LogCleaner)
[2020-03-17 11:31:44,361] INFO Shutting down the log cleaner. (kafka.log.LogCleaner)
[2020-03-17 11:31:44,362] INFO [kafka-log-cleaner-thread-0]: Shutting down (kafka.log.LogCleaner)
[2020-03-17 11:31:44,362] INFO [kafka-log-cleaner-thread-0]: Stopped (kafka.log.LogCleaner)
[2020-03-17 11:31:44,362] INFO [kafka-log-cleaner-thread-0]: Shutdown completed (kafka.log.LogCleaner)
[2020-03-17 11:32:45,994] INFO Starting the log cleaner (kafka.log.LogCleaner)
[2020-03-17 11:32:46,042] INFO [kafka-log-cleaner-thread-0]: Starting (kafka.log.LogCleaner)
[2020-03-17 11:36:02,556] INFO Shutting down the log cleaner. (kafka.log.LogCleaner)
[2020-03-17 11:36:02,557] INFO [kafka-log-cleaner-thread-0]: Shutting down (kafka.log.LogCleaner)
[2020-03-17 11:36:02,557] INFO [kafka-log-cleaner-thread-0]: Stopped (kafka.log.LogCleaner)
[2020-03-17 11:36:02,557] INFO [kafka-log-cleaner-thread-0]: Shutdown completed (kafka.log.LogCleaner)
