STARTING DFS: Fri Mar 13 12:22:51 UTC 2020
Starting namenodes on [localhost]
localhost: ssh: connect to host localhost port 22: Connection refused
pdsh@ip-172-31-39-136: localhost: ssh exited with exit code 255
Starting datanodes
localhost: ssh: connect to host localhost port 22: Connection refused
pdsh@ip-172-31-39-136: localhost: ssh exited with exit code 255
Starting secondary namenodes [ip-172-31-39-136.eu-west-1.compute.internal]
ip-172-31-39-136: ssh: connect to host ip-172-31-39-136.eu-west-1.compute.internal port 22: Connection refused
pdsh@ip-172-31-39-136: ip-172-31-39-136: ssh exited with exit code 255
STARTING YARN: Fri Mar 13 12:23:10 UTC 2020
Starting resourcemanager
Starting nodemanagers
STARTING DFS: Fri Mar 13 12:25:01 UTC 2020
Starting namenodes on [localhost]
Starting datanodes
Starting secondary namenodes [ip-172-31-39-136.eu-west-1.compute.internal]
STARTING YARN: Fri Mar 13 12:25:14 UTC 2020
Starting resourcemanager
Starting nodemanagers
STARTING DFS: Fri Mar 13 12:28:21 UTC 2020
Starting namenodes on [localhost]
Starting datanodes
Starting secondary namenodes [ip-172-31-39-136.eu-west-1.compute.internal]
STARTING YARN: Fri Mar 13 12:28:32 UTC 2020
Starting resourcemanager
Starting nodemanagers
STARTING DFS: Fri Mar 13 12:29:41 UTC 2020
Starting namenodes on [localhost]
Starting datanodes
Starting secondary namenodes [ip-172-31-39-136.eu-west-1.compute.internal]
STARTING YARN: Fri Mar 13 12:29:51 UTC 2020
Starting resourcemanager
Starting nodemanagers
STARTING DFS: Fri Mar 13 12:37:13 UTC 2020
Starting namenodes on [localhost]
Starting datanodes
Starting secondary namenodes [ip-172-31-39-136.eu-west-1.compute.internal]
pdsh@ip-172-31-39-136: ip-172-31-39-136: ssh exited with exit code 1
STARTING YARN: Fri Mar 13 12:37:23 UTC 2020
Starting resourcemanager
Starting nodemanagers
pdsh@ip-172-31-39-136: localhost: ssh exited with exit code 1
STARTING DFS: Fri Mar 13 12:40:06 UTC 2020
Starting namenodes on [localhost]
localhost: ssh: connect to host localhost port 22: Connection refused
pdsh@ip-172-31-39-136: localhost: ssh exited with exit code 255
Starting datanodes
localhost: ssh: connect to host localhost port 22: Connection refused
pdsh@ip-172-31-39-136: localhost: ssh exited with exit code 255
Starting secondary namenodes [ip-172-31-39-136.eu-west-1.compute.internal]
ip-172-31-39-136: ssh: connect to host ip-172-31-39-136.eu-west-1.compute.internal port 22: Connection refused
pdsh@ip-172-31-39-136: ip-172-31-39-136: ssh exited with exit code 255
STARTING YARN: Fri Mar 13 12:40:10 UTC 2020
Starting resourcemanager
Starting nodemanagers
STARTING DFS: Fri Mar 13 12:56:06 UTC 2020
Starting namenodes on [localhost]
localhost: ssh: connect to host localhost port 22: Connection refused
pdsh@ip-172-31-39-136: localhost: ssh exited with exit code 255
Starting datanodes
localhost: ssh: connect to host localhost port 22: Connection refused
pdsh@ip-172-31-39-136: localhost: ssh exited with exit code 255
Starting secondary namenodes [ip-172-31-39-136.eu-west-1.compute.internal]
ip-172-31-39-136: ssh: connect to host ip-172-31-39-136.eu-west-1.compute.internal port 22: Connection refused
pdsh@ip-172-31-39-136: ip-172-31-39-136: ssh exited with exit code 255
STARTING YARN: Fri Mar 13 12:56:10 UTC 2020
Starting resourcemanager
Starting nodemanagers
localhost: ssh: connect to host localhost port 22: Connection refused
pdsh@ip-172-31-39-136: localhost: ssh exited with exit code 255
STARTING DFS: Fri Mar 13 13:17:40 UTC 2020
Starting namenodes on [localhost]
Starting datanodes
Starting secondary namenodes [ip-172-31-39-136.eu-west-1.compute.internal]
pdsh@ip-172-31-39-136: ip-172-31-39-136: ssh exited with exit code 1
STARTING YARN: Fri Mar 13 13:17:50 UTC 2020
Starting resourcemanager
Starting nodemanagers
STARTING DFS: Fri Mar 13 16:06:21 UTC 2020
Starting namenodes on [localhost]
localhost: ssh: connect to host localhost port 22: Connection refused
pdsh@ip-172-31-39-136: localhost: ssh exited with exit code 255
Starting datanodes
localhost: ssh: connect to host localhost port 22: Connection refused
pdsh@ip-172-31-39-136: localhost: ssh exited with exit code 255
Starting secondary namenodes [ip-172-31-39-136.eu-west-1.compute.internal]
ip-172-31-39-136: ssh: connect to host ip-172-31-39-136.eu-west-1.compute.internal port 22: Connection refused
pdsh@ip-172-31-39-136: ip-172-31-39-136: ssh exited with exit code 255
STARTING YARN: Fri Mar 13 16:06:26 UTC 2020
Starting resourcemanager
Starting nodemanagers
STARTING DFS: Fri Mar 13 20:25:13 UTC 2020
Starting namenodes on [localhost]
localhost: WARNING: HADOOP_PREFIX has been replaced by HADOOP_HOME. Using value of HADOOP_PREFIX.
Starting datanodes
localhost: WARNING: HADOOP_PREFIX has been replaced by HADOOP_HOME. Using value of HADOOP_PREFIX.
Starting secondary namenodes [ip-172-31-39-136.eu-west-1.compute.internal]
ip-172-31-39-136: WARNING: HADOOP_PREFIX has been replaced by HADOOP_HOME. Using value of HADOOP_PREFIX.
STARTING YARN: Fri Mar 13 20:25:33 UTC 2020
Starting resourcemanager
Starting nodemanagers
localhost: WARNING: HADOOP_PREFIX has been replaced by HADOOP_HOME. Using value of HADOOP_PREFIX.
STARTING DFS: Fri Mar 13 20:28:05 UTC 2020
Starting namenodes on [localhost]
localhost: WARNING: HADOOP_PREFIX has been replaced by HADOOP_HOME. Using value of HADOOP_PREFIX.
localhost: namenode is running as process 22661.  Stop it first.
pdsh@ip-172-31-39-136: localhost: ssh exited with exit code 1
Starting datanodes
localhost: WARNING: HADOOP_PREFIX has been replaced by HADOOP_HOME. Using value of HADOOP_PREFIX.
localhost: datanode is running as process 22889.  Stop it first.
pdsh@ip-172-31-39-136: localhost: ssh exited with exit code 1
Starting secondary namenodes [ip-172-31-39-136.eu-west-1.compute.internal]
ip-172-31-39-136: WARNING: HADOOP_PREFIX has been replaced by HADOOP_HOME. Using value of HADOOP_PREFIX.
STARTING YARN: Fri Mar 13 20:29:23 UTC 2020
Starting resourcemanager
Starting nodemanagers
localhost: WARNING: HADOOP_PREFIX has been replaced by HADOOP_HOME. Using value of HADOOP_PREFIX.
STARTING DFS: Fri Mar 13 20:59:04 UTC 2020
Starting namenodes on [localhost]
localhost: ssh: connect to host localhost port 22: Connection refused
pdsh@ip-172-31-39-136: localhost: ssh exited with exit code 255
Starting datanodes
localhost: ssh: connect to host localhost port 22: Connection refused
pdsh@ip-172-31-39-136: localhost: ssh exited with exit code 255
Starting secondary namenodes [ip-172-31-39-136.eu-west-1.compute.internal]
ip-172-31-39-136: ssh: connect to host ip-172-31-39-136.eu-west-1.compute.internal port 22: Cannot assign requested address
pdsh@ip-172-31-39-136: ip-172-31-39-136: ssh exited with exit code 255
STARTING YARN: Fri Mar 13 20:59:20 UTC 2020
Starting resourcemanager
Starting nodemanagers
localhost: WARNING: HADOOP_PREFIX has been replaced by HADOOP_HOME. Using value of HADOOP_PREFIX.
STARTING DFS: Fri Mar 13 21:06:25 UTC 2020
Starting namenodes on [localhost]
localhost: WARNING: HADOOP_PREFIX has been replaced by HADOOP_HOME. Using value of HADOOP_PREFIX.
Starting datanodes
localhost: WARNING: HADOOP_PREFIX has been replaced by HADOOP_HOME. Using value of HADOOP_PREFIX.
Starting secondary namenodes [ip-172-31-39-136.eu-west-1.compute.internal]
ip-172-31-39-136.eu-west-1.compute.internal: WARNING: HADOOP_PREFIX has been replaced by HADOOP_HOME. Using value of HADOOP_PREFIX.
STARTING YARN: Fri Mar 13 21:06:35 UTC 2020
Starting resourcemanager
Starting nodemanagers
localhost: WARNING: HADOOP_PREFIX has been replaced by HADOOP_HOME. Using value of HADOOP_PREFIX.
STARTING DFS: Fri Mar 13 21:07:26 UTC 2020
Starting namenodes on [localhost]
localhost: WARNING: HADOOP_PREFIX has been replaced by HADOOP_HOME. Using value of HADOOP_PREFIX.
Starting datanodes
localhost: WARNING: HADOOP_PREFIX has been replaced by HADOOP_HOME. Using value of HADOOP_PREFIX.
Starting secondary namenodes [ip-172-31-39-136.eu-west-1.compute.internal]
ip-172-31-39-136.eu-west-1.compute.internal: WARNING: HADOOP_PREFIX has been replaced by HADOOP_HOME. Using value of HADOOP_PREFIX.
STARTING YARN: Fri Mar 13 21:07:36 UTC 2020
Starting resourcemanager
Starting nodemanagers
localhost: WARNING: HADOOP_PREFIX has been replaced by HADOOP_HOME. Using value of HADOOP_PREFIX.
STARTING DFS: Fri Mar 13 21:11:24 UTC 2020
Starting namenodes on [localhost]
/opt/hadoop-3.1.0/libexec/hadoop-functions.sh: line 1028: pdsh: command not found
Starting datanodes
/opt/hadoop-3.1.0/libexec/hadoop-functions.sh: line 1022: pdsh: command not found
Starting secondary namenodes [ip-172-31-39-136.eu-west-1.compute.internal]
/opt/hadoop-3.1.0/libexec/hadoop-functions.sh: line 1028: pdsh: command not found
STARTING YARN: Fri Mar 13 21:11:27 UTC 2020
Starting resourcemanager
Starting nodemanagers
/opt/hadoop-3.1.0/libexec/hadoop-functions.sh: line 1022: pdsh: command not found

WARNING: HADOOP_PREFIX has been replaced by HADOOP_HOME. Using value of HADOOP_PREFIX.
Starting namenodes on [localhost]
WARNING: HADOOP_PREFIX has been replaced by HADOOP_HOME. Using value of HADOOP_PREFIX.
/opt/hadoop-3.1.0/libexec/hadoop-functions.sh: line 1028: pdsh: command not found
Starting datanodes
WARNING: HADOOP_PREFIX has been replaced by HADOOP_HOME. Using value of HADOOP_PREFIX.
/opt/hadoop-3.1.0/libexec/hadoop-functions.sh: line 1022: pdsh: command not found
Starting secondary namenodes [ip-172-31-39-136.eu-west-1.compute.internal]
WARNING: HADOOP_PREFIX has been replaced by HADOOP_HOME. Using value of HADOOP_PREFIX.
/opt/hadoop-3.1.0/libexec/hadoop-functions.sh: line 1028: pdsh: command not found
WARNING: HADOOP_PREFIX has been replaced by HADOOP_HOME. Using value of HADOOP_PREFIX.
2020-03-13 21:12:05,715 WARN util.NativeCodeLoader: Unable to load native-hadoop library for your platform... using builtin-java classes where applicable
STARTING YARN: Fri Mar 13 21:12:05 UTC 2020
WARNING: HADOOP_PREFIX has been replaced by HADOOP_HOME. Using value of HADOOP_PREFIX.
Starting resourcemanager
WARNING: HADOOP_PREFIX has been replaced by HADOOP_HOME. Using value of HADOOP_PREFIX.
Starting nodemanagers
WARNING: HADOOP_PREFIX has been replaced by HADOOP_HOME. Using value of HADOOP_PREFIX.
/opt/hadoop-3.1.0/libexec/hadoop-functions.sh: line 1022: pdsh: command not found
